[INFO] 2024-01-25 00:03:28 : Analysing the "champagne supernova" song.
[INFO] 2024-01-25 00:03:28 : 1 / 62 rows processed
[INFO] 2024-01-25 00:03:28 : 2 / 62 rows processed
[INFO] 2024-01-25 00:03:28 : 3 / 62 rows processed
[INFO] 2024-01-25 00:03:28 : 4 / 62 rows processed
[INFO] 2024-01-25 00:03:28 : 5 / 62 rows processed
[INFO] 2024-01-25 00:03:28 : 6 / 62 rows processed
[INFO] 2024-01-25 00:03:28 : 7 / 62 rows processed
[INFO] 2024-01-25 00:03:28 : 8 / 62 rows processed
[INFO] 2024-01-25 00:03:28 : 9 / 62 rows processed
[INFO] 2024-01-25 00:03:28 : 10 / 62 rows processed
[INFO] 2024-01-25 00:03:28 : 11 / 62 rows processed
[INFO] 2024-01-25 00:03:28 : 12 / 62 rows processed
[INFO] 2024-01-25 00:03:28 : 13 / 62 rows processed
[INFO] 2024-01-25 00:03:28 : 14 / 62 rows processed
[INFO] 2024-01-25 00:03:28 : 15 / 62 rows processed
[INFO] 2024-01-25 00:03:28 : 16 / 62 rows processed
[INFO] 2024-01-25 00:03:28 : 17 / 62 rows processed
[INFO] 2024-01-25 00:03:28 : 18 / 62 rows processed
[INFO] 2024-01-25 00:03:28 : 19 / 62 rows processed
[INFO] 2024-01-25 00:03:28 : 20 / 62 rows processed
[INFO] 2024-01-25 00:03:28 : 21 / 62 rows processed
[INFO] 2024-01-25 00:03:28 : 22 / 62 rows processed
[INFO] 2024-01-25 00:03:28 : 23 / 62 rows processed
[INFO] 2024-01-25 00:03:28 : 24 / 62 rows processed
[INFO] 2024-01-25 00:03:28 : 25 / 62 rows processed
[INFO] 2024-01-25 00:03:28 : 26 / 62 rows processed
[INFO] 2024-01-25 00:03:28 : 27 / 62 rows processed
[INFO] 2024-01-25 00:03:28 : 28 / 62 rows processed
[INFO] 2024-01-25 00:03:28 : 29 / 62 rows processed
[INFO] 2024-01-25 00:03:28 : 30 / 62 rows processed
[INFO] 2024-01-25 00:03:28 : 31 / 62 rows processed
[INFO] 2024-01-25 00:03:28 : 32 / 62 rows processed
[INFO] 2024-01-25 00:03:28 : 33 / 62 rows processed
[INFO] 2024-01-25 00:03:28 : 34 / 62 rows processed
[INFO] 2024-01-25 00:03:28 : 35 / 62 rows processed
[INFO] 2024-01-25 00:03:28 : 36 / 62 rows processed
[INFO] 2024-01-25 00:03:28 : 37 / 62 rows processed
[INFO] 2024-01-25 00:03:28 : 38 / 62 rows processed
[INFO] 2024-01-25 00:03:28 : 39 / 62 rows processed
[INFO] 2024-01-25 00:03:28 : 40 / 62 rows processed
[INFO] 2024-01-25 00:03:28 : 41 / 62 rows processed
[INFO] 2024-01-25 00:03:28 : 42 / 62 rows processed
[INFO] 2024-01-25 00:03:28 : 43 / 62 rows processed
[INFO] 2024-01-25 00:03:28 : 44 / 62 rows processed
[INFO] 2024-01-25 00:03:28 : 45 / 62 rows processed
[INFO] 2024-01-25 00:03:28 : 46 / 62 rows processed
[INFO] 2024-01-25 00:03:28 : 47 / 62 rows processed
[INFO] 2024-01-25 00:03:28 : 48 / 62 rows processed
[INFO] 2024-01-25 00:03:28 : 49 / 62 rows processed
[INFO] 2024-01-25 00:03:28 : 50 / 62 rows processed
[INFO] 2024-01-25 00:03:28 : 51 / 62 rows processed
[INFO] 2024-01-25 00:03:28 : 52 / 62 rows processed
[INFO] 2024-01-25 00:03:28 : 53 / 62 rows processed
[INFO] 2024-01-25 00:03:28 : 54 / 62 rows processed
[INFO] 2024-01-25 00:03:28 : 55 / 62 rows processed
[INFO] 2024-01-25 00:03:28 : 56 / 62 rows processed
[INFO] 2024-01-25 00:03:28 : 57 / 62 rows processed
[INFO] 2024-01-25 00:03:28 : 58 / 62 rows processed
[INFO] 2024-01-25 00:03:28 : 59 / 62 rows processed
[INFO] 2024-01-25 00:03:28 : 60 / 62 rows processed
[INFO] 2024-01-25 00:03:28 : 61 / 62 rows processed
[INFO] 2024-01-25 00:03:28 : 62 / 62 rows processed
[INFO] 2024-01-25 00:03:28 : Analysing the "dont go away" song.
[INFO] 2024-01-25 00:03:28 : 1 / 56 rows processed
[INFO] 2024-01-25 00:03:28 : 2 / 56 rows processed
[INFO] 2024-01-25 00:03:28 : 3 / 56 rows processed
[INFO] 2024-01-25 00:03:28 : 4 / 56 rows processed
[INFO] 2024-01-25 00:03:28 : 5 / 56 rows processed
[INFO] 2024-01-25 00:03:28 : 6 / 56 rows processed
[INFO] 2024-01-25 00:03:28 : 7 / 56 rows processed
[INFO] 2024-01-25 00:03:28 : 8 / 56 rows processed
[INFO] 2024-01-25 00:03:28 : 9 / 56 rows processed
[INFO] 2024-01-25 00:03:28 : 10 / 56 rows processed
[INFO] 2024-01-25 00:03:28 : 11 / 56 rows processed
[INFO] 2024-01-25 00:03:28 : 12 / 56 rows processed
[INFO] 2024-01-25 00:03:28 : 13 / 56 rows processed
[INFO] 2024-01-25 00:03:28 : 14 / 56 rows processed
[INFO] 2024-01-25 00:03:28 : 15 / 56 rows processed
[INFO] 2024-01-25 00:03:28 : 16 / 56 rows processed
[INFO] 2024-01-25 00:03:28 : 17 / 56 rows processed
[INFO] 2024-01-25 00:03:28 : 18 / 56 rows processed
[INFO] 2024-01-25 00:03:28 : 19 / 56 rows processed
[INFO] 2024-01-25 00:03:28 : 20 / 56 rows processed
[INFO] 2024-01-25 00:03:28 : 21 / 56 rows processed
[INFO] 2024-01-25 00:03:28 : 22 / 56 rows processed
[INFO] 2024-01-25 00:03:28 : 23 / 56 rows processed
[INFO] 2024-01-25 00:03:28 : 24 / 56 rows processed
[INFO] 2024-01-25 00:03:28 : 25 / 56 rows processed
[INFO] 2024-01-25 00:03:28 : 26 / 56 rows processed
[INFO] 2024-01-25 00:03:28 : 27 / 56 rows processed
[INFO] 2024-01-25 00:03:28 : 28 / 56 rows processed
[INFO] 2024-01-25 00:03:28 : 29 / 56 rows processed
[INFO] 2024-01-25 00:03:28 : 30 / 56 rows processed
[INFO] 2024-01-25 00:03:28 : 31 / 56 rows processed
[INFO] 2024-01-25 00:03:28 : 32 / 56 rows processed
[INFO] 2024-01-25 00:03:28 : 33 / 56 rows processed
[INFO] 2024-01-25 00:03:28 : 34 / 56 rows processed
[INFO] 2024-01-25 00:03:28 : 35 / 56 rows processed
[INFO] 2024-01-25 00:03:28 : 36 / 56 rows processed
[INFO] 2024-01-25 00:03:28 : 37 / 56 rows processed
[INFO] 2024-01-25 00:03:28 : 38 / 56 rows processed
[INFO] 2024-01-25 00:03:28 : 39 / 56 rows processed
[INFO] 2024-01-25 00:03:28 : 40 / 56 rows processed
[INFO] 2024-01-25 00:03:28 : 41 / 56 rows processed
[INFO] 2024-01-25 00:03:28 : 42 / 56 rows processed
[INFO] 2024-01-25 00:03:28 : 43 / 56 rows processed
[INFO] 2024-01-25 00:03:28 : 44 / 56 rows processed
[INFO] 2024-01-25 00:03:28 : 45 / 56 rows processed
[INFO] 2024-01-25 00:03:28 : 46 / 56 rows processed
[INFO] 2024-01-25 00:03:28 : 47 / 56 rows processed
[INFO] 2024-01-25 00:03:28 : 48 / 56 rows processed
[INFO] 2024-01-25 00:03:28 : 49 / 56 rows processed
[INFO] 2024-01-25 00:03:28 : 50 / 56 rows processed
[INFO] 2024-01-25 00:03:28 : 51 / 56 rows processed
[INFO] 2024-01-25 00:03:28 : 52 / 56 rows processed
[INFO] 2024-01-25 00:03:28 : 53 / 56 rows processed
[INFO] 2024-01-25 00:03:28 : 54 / 56 rows processed
[INFO] 2024-01-25 00:03:28 : 55 / 56 rows processed
[INFO] 2024-01-25 00:03:28 : 56 / 56 rows processed
[INFO] 2024-01-25 00:03:28 : Analysing the "wonderwall" song.
[INFO] 2024-01-25 00:03:28 : 1 / 42 rows processed
[INFO] 2024-01-25 00:03:28 : 2 / 42 rows processed
[INFO] 2024-01-25 00:03:28 : 3 / 42 rows processed
[INFO] 2024-01-25 00:03:28 : 4 / 42 rows processed
[INFO] 2024-01-25 00:03:28 : 5 / 42 rows processed
[INFO] 2024-01-25 00:03:28 : 6 / 42 rows processed
[INFO] 2024-01-25 00:03:28 : 7 / 42 rows processed
[INFO] 2024-01-25 00:03:28 : 8 / 42 rows processed
[INFO] 2024-01-25 00:03:28 : 9 / 42 rows processed
[INFO] 2024-01-25 00:03:28 : 10 / 42 rows processed
[INFO] 2024-01-25 00:03:28 : 11 / 42 rows processed
[INFO] 2024-01-25 00:03:28 : 12 / 42 rows processed
[INFO] 2024-01-25 00:03:28 : 13 / 42 rows processed
[INFO] 2024-01-25 00:03:28 : 14 / 42 rows processed
[INFO] 2024-01-25 00:03:28 : 15 / 42 rows processed
[INFO] 2024-01-25 00:03:28 : 16 / 42 rows processed
[INFO] 2024-01-25 00:03:28 : 17 / 42 rows processed
[INFO] 2024-01-25 00:03:28 : 18 / 42 rows processed
[INFO] 2024-01-25 00:03:28 : 19 / 42 rows processed
[INFO] 2024-01-25 00:03:28 : 20 / 42 rows processed
[INFO] 2024-01-25 00:03:28 : 21 / 42 rows processed
[INFO] 2024-01-25 00:03:28 : 22 / 42 rows processed
[INFO] 2024-01-25 00:03:28 : 23 / 42 rows processed
[INFO] 2024-01-25 00:03:28 : 24 / 42 rows processed
[INFO] 2024-01-25 00:03:28 : 25 / 42 rows processed
[INFO] 2024-01-25 00:03:28 : 26 / 42 rows processed
[INFO] 2024-01-25 00:03:28 : 27 / 42 rows processed
[INFO] 2024-01-25 00:03:28 : 28 / 42 rows processed
[INFO] 2024-01-25 00:03:28 : 29 / 42 rows processed
[INFO] 2024-01-25 00:03:28 : 30 / 42 rows processed
[INFO] 2024-01-25 00:03:28 : 31 / 42 rows processed
[INFO] 2024-01-25 00:03:28 : 32 / 42 rows processed
[INFO] 2024-01-25 00:03:28 : 33 / 42 rows processed
[INFO] 2024-01-25 00:03:28 : 34 / 42 rows processed
[INFO] 2024-01-25 00:03:28 : 35 / 42 rows processed
[INFO] 2024-01-25 00:03:28 : 36 / 42 rows processed
[INFO] 2024-01-25 00:03:28 : 37 / 42 rows processed
[INFO] 2024-01-25 00:03:28 : 38 / 42 rows processed
[INFO] 2024-01-25 00:03:28 : 39 / 42 rows processed
[INFO] 2024-01-25 00:03:28 : 40 / 42 rows processed
[INFO] 2024-01-25 00:03:28 : 41 / 42 rows processed
[INFO] 2024-01-25 00:03:28 : 42 / 42 rows processed
[INFO] 2024-01-25 00:03:28 : Analysing the "angle child" song.
[INFO] 2024-01-25 00:03:28 : 1 / 34 rows processed
[INFO] 2024-01-25 00:03:28 : 2 / 34 rows processed
[INFO] 2024-01-25 00:03:28 : 3 / 34 rows processed
[INFO] 2024-01-25 00:03:28 : 4 / 34 rows processed
[INFO] 2024-01-25 00:03:28 : 5 / 34 rows processed
[INFO] 2024-01-25 00:03:28 : 6 / 34 rows processed
[INFO] 2024-01-25 00:03:28 : 7 / 34 rows processed
[INFO] 2024-01-25 00:03:28 : 8 / 34 rows processed
[INFO] 2024-01-25 00:03:28 : 9 / 34 rows processed
[INFO] 2024-01-25 00:03:28 : 10 / 34 rows processed
[INFO] 2024-01-25 00:03:28 : 11 / 34 rows processed
[INFO] 2024-01-25 00:03:28 : 12 / 34 rows processed
[INFO] 2024-01-25 00:03:28 : 13 / 34 rows processed
[INFO] 2024-01-25 00:03:28 : 14 / 34 rows processed
[INFO] 2024-01-25 00:03:28 : 15 / 34 rows processed
[INFO] 2024-01-25 00:03:28 : 16 / 34 rows processed
[INFO] 2024-01-25 00:03:28 : 17 / 34 rows processed
[INFO] 2024-01-25 00:03:28 : 18 / 34 rows processed
[INFO] 2024-01-25 00:03:28 : 19 / 34 rows processed
[INFO] 2024-01-25 00:03:28 : 20 / 34 rows processed
[INFO] 2024-01-25 00:03:28 : 21 / 34 rows processed
[INFO] 2024-01-25 00:03:28 : 22 / 34 rows processed
[INFO] 2024-01-25 00:03:28 : 23 / 34 rows processed
[INFO] 2024-01-25 00:03:28 : 24 / 34 rows processed
[INFO] 2024-01-25 00:03:28 : 25 / 34 rows processed
[INFO] 2024-01-25 00:03:28 : 26 / 34 rows processed
[INFO] 2024-01-25 00:03:28 : 27 / 34 rows processed
[INFO] 2024-01-25 00:03:28 : 28 / 34 rows processed
[INFO] 2024-01-25 00:03:28 : 29 / 34 rows processed
[INFO] 2024-01-25 00:03:28 : 30 / 34 rows processed
[INFO] 2024-01-25 00:03:28 : 31 / 34 rows processed
[INFO] 2024-01-25 00:03:28 : 32 / 34 rows processed
[INFO] 2024-01-25 00:03:28 : 33 / 34 rows processed
[INFO] 2024-01-25 00:03:28 : 34 / 34 rows processed
[INFO] 2024-01-25 00:04:14 : Analysing the "champagne supernova" song.
[INFO] 2024-01-25 00:04:14 : 1 / 62 rows processed
[INFO] 2024-01-25 00:04:14 : 2 / 62 rows processed
[INFO] 2024-01-25 00:04:14 : 3 / 62 rows processed
[INFO] 2024-01-25 00:04:14 : 4 / 62 rows processed
[INFO] 2024-01-25 00:04:14 : 5 / 62 rows processed
[INFO] 2024-01-25 00:04:14 : 6 / 62 rows processed
[INFO] 2024-01-25 00:04:14 : 7 / 62 rows processed
[INFO] 2024-01-25 00:04:14 : 8 / 62 rows processed
[INFO] 2024-01-25 00:04:14 : 9 / 62 rows processed
[INFO] 2024-01-25 00:04:14 : 10 / 62 rows processed
[INFO] 2024-01-25 00:04:14 : 11 / 62 rows processed
[INFO] 2024-01-25 00:04:14 : 12 / 62 rows processed
[INFO] 2024-01-25 00:04:14 : 13 / 62 rows processed
[INFO] 2024-01-25 00:04:14 : 14 / 62 rows processed
[INFO] 2024-01-25 00:04:14 : 15 / 62 rows processed
[INFO] 2024-01-25 00:04:14 : 16 / 62 rows processed
[INFO] 2024-01-25 00:04:14 : 17 / 62 rows processed
[INFO] 2024-01-25 00:04:14 : 18 / 62 rows processed
[INFO] 2024-01-25 00:04:14 : 19 / 62 rows processed
[INFO] 2024-01-25 00:04:14 : 20 / 62 rows processed
[INFO] 2024-01-25 00:04:14 : 21 / 62 rows processed
[INFO] 2024-01-25 00:04:14 : 22 / 62 rows processed
[INFO] 2024-01-25 00:04:14 : 23 / 62 rows processed
[INFO] 2024-01-25 00:04:14 : 24 / 62 rows processed
[INFO] 2024-01-25 00:04:14 : 25 / 62 rows processed
[INFO] 2024-01-25 00:04:14 : 26 / 62 rows processed
[INFO] 2024-01-25 00:04:14 : 27 / 62 rows processed
[INFO] 2024-01-25 00:04:14 : 28 / 62 rows processed
[INFO] 2024-01-25 00:04:14 : 29 / 62 rows processed
[INFO] 2024-01-25 00:04:14 : 30 / 62 rows processed
[INFO] 2024-01-25 00:04:14 : 31 / 62 rows processed
[INFO] 2024-01-25 00:04:14 : 32 / 62 rows processed
[INFO] 2024-01-25 00:04:14 : 33 / 62 rows processed
[INFO] 2024-01-25 00:04:14 : 34 / 62 rows processed
[INFO] 2024-01-25 00:04:14 : 35 / 62 rows processed
[INFO] 2024-01-25 00:04:14 : 36 / 62 rows processed
[INFO] 2024-01-25 00:04:14 : 37 / 62 rows processed
[INFO] 2024-01-25 00:04:14 : 38 / 62 rows processed
[INFO] 2024-01-25 00:04:14 : 39 / 62 rows processed
[INFO] 2024-01-25 00:04:14 : 40 / 62 rows processed
[INFO] 2024-01-25 00:04:14 : 41 / 62 rows processed
[INFO] 2024-01-25 00:04:14 : 42 / 62 rows processed
[INFO] 2024-01-25 00:04:14 : 43 / 62 rows processed
[INFO] 2024-01-25 00:04:14 : 44 / 62 rows processed
[INFO] 2024-01-25 00:04:14 : 45 / 62 rows processed
[INFO] 2024-01-25 00:04:14 : 46 / 62 rows processed
[INFO] 2024-01-25 00:04:14 : 47 / 62 rows processed
[INFO] 2024-01-25 00:04:14 : 48 / 62 rows processed
[INFO] 2024-01-25 00:04:14 : 49 / 62 rows processed
[INFO] 2024-01-25 00:04:14 : 50 / 62 rows processed
[INFO] 2024-01-25 00:04:14 : 51 / 62 rows processed
[INFO] 2024-01-25 00:04:14 : 52 / 62 rows processed
[INFO] 2024-01-25 00:04:14 : 53 / 62 rows processed
[INFO] 2024-01-25 00:04:14 : 54 / 62 rows processed
[INFO] 2024-01-25 00:04:14 : 55 / 62 rows processed
[INFO] 2024-01-25 00:04:14 : 56 / 62 rows processed
[INFO] 2024-01-25 00:04:14 : 57 / 62 rows processed
[INFO] 2024-01-25 00:04:14 : 58 / 62 rows processed
[INFO] 2024-01-25 00:04:14 : 59 / 62 rows processed
[INFO] 2024-01-25 00:04:14 : 60 / 62 rows processed
[INFO] 2024-01-25 00:04:14 : 61 / 62 rows processed
[INFO] 2024-01-25 00:04:14 : 62 / 62 rows processed
[INFO] 2024-01-25 00:04:14 : Analysing the "dont go away" song.
[INFO] 2024-01-25 00:04:14 : 1 / 56 rows processed
[INFO] 2024-01-25 00:04:14 : 2 / 56 rows processed
[INFO] 2024-01-25 00:04:14 : 3 / 56 rows processed
[INFO] 2024-01-25 00:04:14 : 4 / 56 rows processed
[INFO] 2024-01-25 00:04:14 : 5 / 56 rows processed
[INFO] 2024-01-25 00:04:14 : 6 / 56 rows processed
[INFO] 2024-01-25 00:04:14 : 7 / 56 rows processed
[INFO] 2024-01-25 00:04:14 : 8 / 56 rows processed
[INFO] 2024-01-25 00:04:14 : 9 / 56 rows processed
[INFO] 2024-01-25 00:04:14 : 10 / 56 rows processed
[INFO] 2024-01-25 00:04:14 : 11 / 56 rows processed
[INFO] 2024-01-25 00:04:14 : 12 / 56 rows processed
[INFO] 2024-01-25 00:04:14 : 13 / 56 rows processed
[INFO] 2024-01-25 00:04:14 : 14 / 56 rows processed
[INFO] 2024-01-25 00:04:14 : 15 / 56 rows processed
[INFO] 2024-01-25 00:04:14 : 16 / 56 rows processed
[INFO] 2024-01-25 00:04:14 : 17 / 56 rows processed
[INFO] 2024-01-25 00:04:14 : 18 / 56 rows processed
[INFO] 2024-01-25 00:04:14 : 19 / 56 rows processed
[INFO] 2024-01-25 00:04:14 : 20 / 56 rows processed
[INFO] 2024-01-25 00:04:14 : 21 / 56 rows processed
[INFO] 2024-01-25 00:04:14 : 22 / 56 rows processed
[INFO] 2024-01-25 00:04:14 : 23 / 56 rows processed
[INFO] 2024-01-25 00:04:14 : 24 / 56 rows processed
[INFO] 2024-01-25 00:04:14 : 25 / 56 rows processed
[INFO] 2024-01-25 00:04:14 : 26 / 56 rows processed
[INFO] 2024-01-25 00:04:14 : 27 / 56 rows processed
[INFO] 2024-01-25 00:04:14 : 28 / 56 rows processed
[INFO] 2024-01-25 00:04:14 : 29 / 56 rows processed
[INFO] 2024-01-25 00:04:14 : 30 / 56 rows processed
[INFO] 2024-01-25 00:04:14 : 31 / 56 rows processed
[INFO] 2024-01-25 00:04:14 : 32 / 56 rows processed
[INFO] 2024-01-25 00:04:14 : 33 / 56 rows processed
[INFO] 2024-01-25 00:04:14 : 34 / 56 rows processed
[INFO] 2024-01-25 00:04:14 : 35 / 56 rows processed
[INFO] 2024-01-25 00:04:14 : 36 / 56 rows processed
[INFO] 2024-01-25 00:04:14 : 37 / 56 rows processed
[INFO] 2024-01-25 00:04:14 : 38 / 56 rows processed
[INFO] 2024-01-25 00:04:14 : 39 / 56 rows processed
[INFO] 2024-01-25 00:04:14 : 40 / 56 rows processed
[INFO] 2024-01-25 00:04:14 : 41 / 56 rows processed
[INFO] 2024-01-25 00:04:14 : 42 / 56 rows processed
[INFO] 2024-01-25 00:04:14 : 43 / 56 rows processed
[INFO] 2024-01-25 00:04:14 : 44 / 56 rows processed
[INFO] 2024-01-25 00:04:14 : 45 / 56 rows processed
[INFO] 2024-01-25 00:04:14 : 46 / 56 rows processed
[INFO] 2024-01-25 00:04:14 : 47 / 56 rows processed
[INFO] 2024-01-25 00:04:14 : 48 / 56 rows processed
[INFO] 2024-01-25 00:04:14 : 49 / 56 rows processed
[INFO] 2024-01-25 00:04:14 : 50 / 56 rows processed
[INFO] 2024-01-25 00:04:14 : 51 / 56 rows processed
[INFO] 2024-01-25 00:04:14 : 52 / 56 rows processed
[INFO] 2024-01-25 00:04:14 : 53 / 56 rows processed
[INFO] 2024-01-25 00:04:14 : 54 / 56 rows processed
[INFO] 2024-01-25 00:04:14 : 55 / 56 rows processed
[INFO] 2024-01-25 00:04:14 : 56 / 56 rows processed
[INFO] 2024-01-25 00:04:14 : Analysing the "wonderwall" song.
[INFO] 2024-01-25 00:04:14 : 1 / 42 rows processed
[INFO] 2024-01-25 00:04:14 : 2 / 42 rows processed
[INFO] 2024-01-25 00:04:14 : 3 / 42 rows processed
[INFO] 2024-01-25 00:04:14 : 4 / 42 rows processed
[INFO] 2024-01-25 00:04:14 : 5 / 42 rows processed
[INFO] 2024-01-25 00:04:14 : 6 / 42 rows processed
[INFO] 2024-01-25 00:04:14 : 7 / 42 rows processed
[INFO] 2024-01-25 00:04:14 : 8 / 42 rows processed
[INFO] 2024-01-25 00:04:14 : 9 / 42 rows processed
[INFO] 2024-01-25 00:04:14 : 10 / 42 rows processed
[INFO] 2024-01-25 00:04:14 : 11 / 42 rows processed
[INFO] 2024-01-25 00:04:14 : 12 / 42 rows processed
[INFO] 2024-01-25 00:04:14 : 13 / 42 rows processed
[INFO] 2024-01-25 00:04:14 : 14 / 42 rows processed
[INFO] 2024-01-25 00:04:14 : 15 / 42 rows processed
[INFO] 2024-01-25 00:04:14 : 16 / 42 rows processed
[INFO] 2024-01-25 00:04:14 : 17 / 42 rows processed
[INFO] 2024-01-25 00:04:14 : 18 / 42 rows processed
[INFO] 2024-01-25 00:04:14 : 19 / 42 rows processed
[INFO] 2024-01-25 00:04:14 : 20 / 42 rows processed
[INFO] 2024-01-25 00:04:14 : 21 / 42 rows processed
[INFO] 2024-01-25 00:04:14 : 22 / 42 rows processed
[INFO] 2024-01-25 00:04:14 : 23 / 42 rows processed
[INFO] 2024-01-25 00:04:14 : 24 / 42 rows processed
[INFO] 2024-01-25 00:04:14 : 25 / 42 rows processed
[INFO] 2024-01-25 00:04:14 : 26 / 42 rows processed
[INFO] 2024-01-25 00:04:14 : 27 / 42 rows processed
[INFO] 2024-01-25 00:04:14 : 28 / 42 rows processed
[INFO] 2024-01-25 00:04:14 : 29 / 42 rows processed
[INFO] 2024-01-25 00:04:14 : 30 / 42 rows processed
[INFO] 2024-01-25 00:04:14 : 31 / 42 rows processed
[INFO] 2024-01-25 00:04:14 : 32 / 42 rows processed
[INFO] 2024-01-25 00:04:14 : 33 / 42 rows processed
[INFO] 2024-01-25 00:04:14 : 34 / 42 rows processed
[INFO] 2024-01-25 00:04:14 : 35 / 42 rows processed
[INFO] 2024-01-25 00:04:14 : 36 / 42 rows processed
[INFO] 2024-01-25 00:04:14 : 37 / 42 rows processed
[INFO] 2024-01-25 00:04:14 : 38 / 42 rows processed
[INFO] 2024-01-25 00:04:14 : 39 / 42 rows processed
[INFO] 2024-01-25 00:04:14 : 40 / 42 rows processed
[INFO] 2024-01-25 00:04:14 : 41 / 42 rows processed
[INFO] 2024-01-25 00:04:14 : 42 / 42 rows processed
[INFO] 2024-01-25 00:04:14 : Analysing the "angle child" song.
[INFO] 2024-01-25 00:04:14 : 1 / 34 rows processed
[INFO] 2024-01-25 00:04:14 : 2 / 34 rows processed
[INFO] 2024-01-25 00:04:14 : 3 / 34 rows processed
[INFO] 2024-01-25 00:04:14 : 4 / 34 rows processed
[INFO] 2024-01-25 00:04:14 : 5 / 34 rows processed
[INFO] 2024-01-25 00:04:14 : 6 / 34 rows processed
[INFO] 2024-01-25 00:04:14 : 7 / 34 rows processed
[INFO] 2024-01-25 00:04:14 : 8 / 34 rows processed
[INFO] 2024-01-25 00:04:14 : 9 / 34 rows processed
[INFO] 2024-01-25 00:04:14 : 10 / 34 rows processed
[INFO] 2024-01-25 00:04:14 : 11 / 34 rows processed
[INFO] 2024-01-25 00:04:14 : 12 / 34 rows processed
[INFO] 2024-01-25 00:04:14 : 13 / 34 rows processed
[INFO] 2024-01-25 00:04:14 : 14 / 34 rows processed
[INFO] 2024-01-25 00:04:14 : 15 / 34 rows processed
[INFO] 2024-01-25 00:04:14 : 16 / 34 rows processed
[INFO] 2024-01-25 00:04:14 : 17 / 34 rows processed
[INFO] 2024-01-25 00:04:14 : 18 / 34 rows processed
[INFO] 2024-01-25 00:04:14 : 19 / 34 rows processed
[INFO] 2024-01-25 00:04:14 : 20 / 34 rows processed
[INFO] 2024-01-25 00:04:14 : 21 / 34 rows processed
[INFO] 2024-01-25 00:04:14 : 22 / 34 rows processed
[INFO] 2024-01-25 00:04:14 : 23 / 34 rows processed
[INFO] 2024-01-25 00:04:14 : 24 / 34 rows processed
[INFO] 2024-01-25 00:04:14 : 25 / 34 rows processed
[INFO] 2024-01-25 00:04:14 : 26 / 34 rows processed
[INFO] 2024-01-25 00:04:14 : 27 / 34 rows processed
[INFO] 2024-01-25 00:04:14 : 28 / 34 rows processed
[INFO] 2024-01-25 00:04:14 : 29 / 34 rows processed
[INFO] 2024-01-25 00:04:14 : 30 / 34 rows processed
[INFO] 2024-01-25 00:04:14 : 31 / 34 rows processed
[INFO] 2024-01-25 00:04:14 : 32 / 34 rows processed
[INFO] 2024-01-25 00:04:14 : 33 / 34 rows processed
[INFO] 2024-01-25 00:04:14 : 34 / 34 rows processed
